#! /usr/local/iverilog/bin/vvp
:ivl_version "11.0 (devel)" "(s20150603-642-g3bdb50da)";
:ivl_delay_selection "TYPICAL";
:vpi_time_precision + 0;
:vpi_module "system";
:vpi_module "vhdl_sys";
:vpi_module "vhdl_textio";
:vpi_module "v2005_math";
:vpi_module "va_math";
S_0000000000876d80 .scope module, "add" "add" 2 1;
 .timescale 0 0;
    .port_info 0 /INPUT 1 "a";
    .port_info 1 /INPUT 1 "b";
    .port_info 2 /OUTPUT 1 "c";
o0000000000876fb8 .functor BUFZ 1, C4<z>; HiZ drive
v0000000000876f10_0 .net "a", 0 0, o0000000000876fb8;  0 drivers
o0000000000876fe8 .functor BUFZ 1, C4<z>; HiZ drive
v00000000001cd180_0 .net "b", 0 0, o0000000000876fe8;  0 drivers
v00000000001cd220_0 .net "c", 0 0, L_00000000001cd2c0;  1 drivers
L_00000000001cd2c0 .arith/sum 1, o0000000000876fb8, o0000000000876fe8;
# The file index is used to find the file name in the following table.
:file_names 3;
    "N/A";
    "<interactive>";
    "add.v";
