#! /usr/local/iverilog/bin/vvp
:ivl_version "11.0 (devel)" "(s20150603-642-g3bdb50da)";
:ivl_delay_selection "TYPICAL";
:vpi_time_precision - 9;
:vpi_module "system";
:vpi_module "vhdl_sys";
:vpi_module "vhdl_textio";
:vpi_module "v2005_math";
:vpi_module "va_math";
S_0000000001034cf0 .scope module, "tb_add" "tb_add" 2 4;
 .timescale -9 -9;
P_00000000011296a0 .param/l "PERIOD" 0 2 6, +C4<00000000000000000000000000001010>;
v000000000112e620_0 .var "a", 0 0;
v000000000112e6c0_0 .var "b", 0 0;
v000000000112e760_0 .net "c", 0 0, L_000000000112e800;  1 drivers
S_0000000001034e80 .scope module, "u_add" "add" 2 16, 3 1 0, S_0000000001034cf0;
 .timescale 0 0;
    .port_info 0 /INPUT 1 "a";
    .port_info 1 /INPUT 1 "b";
    .port_info 2 /OUTPUT 1 "c";
v000000000112ab30_0 .net "a", 0 0, v000000000112e620_0;  1 drivers
v0000000001035010_0 .net "b", 0 0, v000000000112e6c0_0;  1 drivers
v000000000112e580_0 .net "c", 0 0, L_000000000112e800;  alias, 1 drivers
L_000000000112e800 .arith/sum 1, v000000000112e620_0, v000000000112e6c0_0;
    .scope S_0000000001034cf0;
T_0 ;
    %pushi/vec4 0, 0, 1;
    %store/vec4 v000000000112e620_0, 0, 1;
    %pushi/vec4 0, 0, 1;
    %store/vec4 v000000000112e6c0_0, 0, 1;
    %end;
    .thread T_0;
    .scope S_0000000001034cf0;
T_1 ;
    %delay 1000, 0;
    %vpi_call 2 27 "$finish" {0 0 0};
    %end;
    .thread T_1;
    .scope S_0000000001034cf0;
T_2 ;
    %vpi_call 2 32 "$dumpfile", "add.vcd" {0 0 0};
    %vpi_call 2 33 "$dumpvars" {0 0 0};
    %end;
    .thread T_2;
# The file index is used to find the file name in the following table.
:file_names 4;
    "N/A";
    "<interactive>";
    "tb_add.v";
    "./add.v ";
